/*C8*/SET SCHEMA PUBLIC
DISCONNECT
/*C9*/SET SCHEMA PUBLIC
ALTER SEQUENCE PUBLIC.PET_ID_SEQ RESTART WITH 9
DISCONNECT
/*C10*/SET SCHEMA PUBLIC
INSERT INTO PET VALUES(9,'\u30dd\u30c1','\u6771\u4eac\u592a\u90ce',3000,'2012-10-26')
COMMIT
ALTER SEQUENCE PUBLIC.PET_ID_SEQ RESTART WITH 10
DISCONNECT
/*C11*/SET SCHEMA PUBLIC
INSERT INTO PET VALUES(10,'\u305f\u307e','\u6771\u4eac\u592a\u90ce',3000,'2012-10-26')
COMMIT
ALTER SEQUENCE PUBLIC.PET_ID_SEQ RESTART WITH 11
DISCONNECT
/*C12*/SET SCHEMA PUBLIC
INSERT INTO PET VALUES(11,'\u305f\u307e','\u6771\u4eac\u592a\u90ce',3000,'2012-10-26')
COMMIT
ALTER SEQUENCE PUBLIC.PET_ID_SEQ RESTART WITH 12
DISCONNECT
/*C13*/SET SCHEMA PUBLIC
INSERT INTO PET VALUES(12,'\u305f\u307e','\u6771\u4eac\u592a\u90ce',3000,'2012-10-26')
COMMIT
ALTER SEQUENCE PUBLIC.PET_ID_SEQ RESTART WITH 13
DISCONNECT
/*C14*/SET SCHEMA PUBLIC
ALTER SEQUENCE PUBLIC.PET_ID_SEQ RESTART WITH 14
DISCONNECT
/*C15*/SET SCHEMA PUBLIC
DELETE FROM OWNER WHERE OWNER_NAME='kuroki'
DELETE FROM OWNER WHERE OWNER_NAME='toki'
COMMIT
INSERT INTO OWNER VALUES('\u6771\u4eac\u592a\u90ce')
COMMIT
/*C16*/SET SCHEMA PUBLIC
ALTER SEQUENCE PUBLIC.PET_ID_SEQ RESTART WITH 15
DISCONNECT
/*C17*/SET SCHEMA PUBLIC
ALTER SEQUENCE PUBLIC.PET_ID_SEQ RESTART WITH 16
DISCONNECT
/*C15*/DELETE FROM PET WHERE PET_ID=10
DELETE FROM PET WHERE PET_ID=11
DELETE FROM PET WHERE PET_ID=12
COMMIT
DELETE FROM PET WHERE PET_ID=9
DELETE FROM PET WHERE PET_ID=4
DELETE FROM PET WHERE PET_ID=5
DELETE FROM PET WHERE PET_ID=6
DELETE FROM PET WHERE PET_ID=7
COMMIT
/*C18*/SET SCHEMA PUBLIC
INSERT INTO PET VALUES(16,'\u305f\u307e','\u6771\u4eac\u592a\u90ce',3000,'2012-10-26')
DELETE FROM PET WHERE PET_ID=16
COMMIT
ALTER SEQUENCE PUBLIC.PET_ID_SEQ RESTART WITH 17
DISCONNECT
/*C19*/SET SCHEMA PUBLIC
INSERT INTO PET VALUES(17,'\u305f\u307e','\u6771\u4eac\u592a\u90ce',3000,'2012-10-26')
DELETE FROM PET WHERE PET_ID=17
COMMIT
ALTER SEQUENCE PUBLIC.PET_ID_SEQ RESTART WITH 18
DISCONNECT
/*C20*/SET SCHEMA PUBLIC
INSERT INTO PET VALUES(18,'\u305f\u307e','\u6771\u4eac\u592a\u90ce',3000,'2012-10-26')
DELETE FROM PET WHERE PET_ID=18
COMMIT
ALTER SEQUENCE PUBLIC.PET_ID_SEQ RESTART WITH 19
DISCONNECT
/*C21*/SET SCHEMA PUBLIC
INSERT INTO PET VALUES(19,'\u305f\u307e','\u6771\u4eac\u592a\u90ce',3000,'2012-10-26')
DELETE FROM PET WHERE PET_ID=19
COMMIT
ALTER SEQUENCE PUBLIC.PET_ID_SEQ RESTART WITH 20
DISCONNECT
/*C22*/SET SCHEMA PUBLIC
DISCONNECT
/*C23*/SET SCHEMA PUBLIC
DISCONNECT
/*C24*/SET SCHEMA PUBLIC
DISCONNECT
/*C25*/SET SCHEMA PUBLIC
DISCONNECT
/*C26*/SET SCHEMA PUBLIC
DISCONNECT
/*C27*/SET SCHEMA PUBLIC
DISCONNECT
/*C28*/SET SCHEMA PUBLIC
DISCONNECT
/*C29*/SET SCHEMA PUBLIC
DISCONNECT
/*C5*/SET SCHEMA PUBLIC
DISCONNECT
/*C6*/SET SCHEMA PUBLIC
DISCONNECT
/*C7*/SET SCHEMA PUBLIC
DISCONNECT
/*C15*/DISCONNECT
