/*C16*/SET SCHEMA PUBLIC
DISCONNECT
/*C17*/SET SCHEMA PUBLIC
ALTER SEQUENCE PUBLIC.SEQ_OWNER RESTART WITH 8
INSERT INTO OWNER VALUES(7,'newOwner')
COMMIT
DISCONNECT
/*C18*/SET SCHEMA PUBLIC
DELETE FROM OWNER WHERE OWNER_ID=7
COMMIT
DISCONNECT
/*C19*/SET SCHEMA PUBLIC
DISCONNECT
/*C20*/SET SCHEMA PUBLIC
ALTER SEQUENCE PUBLIC.SEQ_OWNER RESTART WITH 9
INSERT INTO OWNER VALUES(8,'newOwner')
COMMIT
DISCONNECT
/*C21*/SET SCHEMA PUBLIC
DELETE FROM OWNER WHERE OWNER_ID=8
COMMIT
DISCONNECT
